{"/Users/chatree/Desktop/SE/3man%20a%20ject/Compass.js":{"path":"/Users/chatree/Desktop/SE/3man%20a%20ject/Compass.js","s":{"1":16,"2":1,"3":15,"4":1,"5":14,"6":1,"7":13,"8":1,"9":12,"10":1,"11":11,"12":1,"13":10,"14":1,"15":9,"16":1,"17":8,"18":1,"19":7,"20":1,"21":6,"22":1,"23":5,"24":1,"25":4,"26":1,"27":3,"28":1,"29":2,"30":1,"31":1,"32":1},"b":{"1":[1,15],"2":[16,15],"3":[1,14],"4":[15,15],"5":[1,13],"6":[1,12],"7":[13,13],"8":[1,11],"9":[1,10],"10":[11,11],"11":[1,9],"12":[1,8],"13":[9,9],"14":[1,7],"15":[1,6],"16":[7,7],"17":[1,5],"18":[1,4],"19":[5,5],"20":[1,3],"21":[1,2],"22":[3,3],"23":[1,1]},"f":{"1":16},"fnMap":{"1":{"name":"(anonymous_1)","line":7,"loc":{"start":{"line":7,"column":16},"end":{"line":7,"column":25}}}},"statementMap":{"1":{"start":{"line":8,"column":8},"end":{"line":40,"column":9}},"2":{"start":{"line":9,"column":12},"end":{"line":9,"column":23}},"3":{"start":{"line":10,"column":15},"end":{"line":40,"column":9}},"4":{"start":{"line":11,"column":12},"end":{"line":11,"column":25}},"5":{"start":{"line":12,"column":15},"end":{"line":40,"column":9}},"6":{"start":{"line":13,"column":12},"end":{"line":13,"column":24}},"7":{"start":{"line":14,"column":15},"end":{"line":40,"column":9}},"8":{"start":{"line":15,"column":12},"end":{"line":15,"column":25}},"9":{"start":{"line":16,"column":15},"end":{"line":40,"column":9}},"10":{"start":{"line":17,"column":12},"end":{"line":17,"column":23}},"11":{"start":{"line":18,"column":15},"end":{"line":40,"column":9}},"12":{"start":{"line":19,"column":12},"end":{"line":19,"column":25}},"13":{"start":{"line":20,"column":15},"end":{"line":40,"column":9}},"14":{"start":{"line":21,"column":12},"end":{"line":21,"column":24}},"15":{"start":{"line":22,"column":15},"end":{"line":40,"column":9}},"16":{"start":{"line":23,"column":12},"end":{"line":23,"column":24}},"17":{"start":{"line":24,"column":15},"end":{"line":40,"column":9}},"18":{"start":{"line":25,"column":12},"end":{"line":25,"column":23}},"19":{"start":{"line":26,"column":15},"end":{"line":40,"column":9}},"20":{"start":{"line":27,"column":12},"end":{"line":27,"column":25}},"21":{"start":{"line":28,"column":15},"end":{"line":40,"column":9}},"22":{"start":{"line":29,"column":12},"end":{"line":29,"column":24}},"23":{"start":{"line":30,"column":15},"end":{"line":40,"column":9}},"24":{"start":{"line":31,"column":12},"end":{"line":31,"column":25}},"25":{"start":{"line":32,"column":15},"end":{"line":40,"column":9}},"26":{"start":{"line":33,"column":12},"end":{"line":33,"column":23}},"27":{"start":{"line":34,"column":15},"end":{"line":40,"column":9}},"28":{"start":{"line":35,"column":12},"end":{"line":35,"column":25}},"29":{"start":{"line":36,"column":15},"end":{"line":40,"column":9}},"30":{"start":{"line":37,"column":12},"end":{"line":37,"column":24}},"31":{"start":{"line":39,"column":12},"end":{"line":39,"column":25}},"32":{"start":{"line":44,"column":0},"end":{"line":44,"column":25}}},"branchMap":{"1":{"line":8,"type":"if","locations":[{"start":{"line":8,"column":8},"end":{"line":8,"column":8}},{"start":{"line":8,"column":8},"end":{"line":8,"column":8}}]},"2":{"line":8,"type":"binary-expr","locations":[{"start":{"line":8,"column":12},"end":{"line":8,"column":23}},{"start":{"line":8,"column":27},"end":{"line":8,"column":40}}]},"3":{"line":10,"type":"if","locations":[{"start":{"line":10,"column":15},"end":{"line":10,"column":15}},{"start":{"line":10,"column":15},"end":{"line":10,"column":15}}]},"4":{"line":10,"type":"binary-expr","locations":[{"start":{"line":10,"column":19},"end":{"line":10,"column":29}},{"start":{"line":10,"column":33},"end":{"line":10,"column":44}}]},"5":{"line":12,"type":"if","locations":[{"start":{"line":12,"column":15},"end":{"line":12,"column":15}},{"start":{"line":12,"column":15},"end":{"line":12,"column":15}}]},"6":{"line":14,"type":"if","locations":[{"start":{"line":14,"column":15},"end":{"line":14,"column":15}},{"start":{"line":14,"column":15},"end":{"line":14,"column":15}}]},"7":{"line":14,"type":"binary-expr","locations":[{"start":{"line":14,"column":19},"end":{"line":14,"column":30}},{"start":{"line":14,"column":34},"end":{"line":14,"column":45}}]},"8":{"line":16,"type":"if","locations":[{"start":{"line":16,"column":15},"end":{"line":16,"column":15}},{"start":{"line":16,"column":15},"end":{"line":16,"column":15}}]},"9":{"line":18,"type":"if","locations":[{"start":{"line":18,"column":15},"end":{"line":18,"column":15}},{"start":{"line":18,"column":15},"end":{"line":18,"column":15}}]},"10":{"line":18,"type":"binary-expr","locations":[{"start":{"line":18,"column":19},"end":{"line":18,"column":30}},{"start":{"line":18,"column":34},"end":{"line":18,"column":46}}]},"11":{"line":20,"type":"if","locations":[{"start":{"line":20,"column":15},"end":{"line":20,"column":15}},{"start":{"line":20,"column":15},"end":{"line":20,"column":15}}]},"12":{"line":22,"type":"if","locations":[{"start":{"line":22,"column":15},"end":{"line":22,"column":15}},{"start":{"line":22,"column":15},"end":{"line":22,"column":15}}]},"13":{"line":22,"type":"binary-expr","locations":[{"start":{"line":22,"column":19},"end":{"line":22,"column":31}},{"start":{"line":22,"column":35},"end":{"line":22,"column":47}}]},"14":{"line":24,"type":"if","locations":[{"start":{"line":24,"column":15},"end":{"line":24,"column":15}},{"start":{"line":24,"column":15},"end":{"line":24,"column":15}}]},"15":{"line":26,"type":"if","locations":[{"start":{"line":26,"column":15},"end":{"line":26,"column":15}},{"start":{"line":26,"column":15},"end":{"line":26,"column":15}}]},"16":{"line":26,"type":"binary-expr","locations":[{"start":{"line":26,"column":19},"end":{"line":26,"column":31}},{"start":{"line":26,"column":35},"end":{"line":26,"column":47}}]},"17":{"line":28,"type":"if","locations":[{"start":{"line":28,"column":15},"end":{"line":28,"column":15}},{"start":{"line":28,"column":15},"end":{"line":28,"column":15}}]},"18":{"line":30,"type":"if","locations":[{"start":{"line":30,"column":15},"end":{"line":30,"column":15}},{"start":{"line":30,"column":15},"end":{"line":30,"column":15}}]},"19":{"line":30,"type":"binary-expr","locations":[{"start":{"line":30,"column":19},"end":{"line":30,"column":31}},{"start":{"line":30,"column":35},"end":{"line":30,"column":47}}]},"20":{"line":32,"type":"if","locations":[{"start":{"line":32,"column":15},"end":{"line":32,"column":15}},{"start":{"line":32,"column":15},"end":{"line":32,"column":15}}]},"21":{"line":34,"type":"if","locations":[{"start":{"line":34,"column":15},"end":{"line":34,"column":15}},{"start":{"line":34,"column":15},"end":{"line":34,"column":15}}]},"22":{"line":34,"type":"binary-expr","locations":[{"start":{"line":34,"column":19},"end":{"line":34,"column":31}},{"start":{"line":34,"column":35},"end":{"line":34,"column":47}}]},"23":{"line":36,"type":"if","locations":[{"start":{"line":36,"column":15},"end":{"line":36,"column":15}},{"start":{"line":36,"column":15},"end":{"line":36,"column":15}}]}}},"/Users/chatree/Desktop/SE/3man%20a%20ject/DescriptionIcon.js":{"path":"/Users/chatree/Desktop/SE/3man%20a%20ject/DescriptionIcon.js","s":{"1":16,"2":16,"3":4,"4":2,"5":2,"6":12,"7":6,"8":3,"9":3,"10":6,"11":2,"12":4,"13":2,"14":2,"15":2,"16":16,"17":1},"b":{"1":[4,12],"2":[16,14],"3":[2,2],"4":[4,4],"5":[6,6],"6":[12,10,8],"7":[3,3],"8":[6,6],"9":[2,4],"10":[6,5],"11":[2,2],"12":[4,3],"13":[2,0],"14":[2,1]},"f":{"1":16},"fnMap":{"1":{"name":"(anonymous_1)","line":2,"loc":{"start":{"line":2,"column":11},"end":{"line":2,"column":31}}}},"statementMap":{"1":{"start":{"line":3,"column":8},"end":{"line":3,"column":21}},"2":{"start":{"line":4,"column":8},"end":{"line":22,"column":9}},"3":{"start":{"line":5,"column":12},"end":{"line":9,"column":13}},"4":{"start":{"line":6,"column":16},"end":{"line":6,"column":39}},"5":{"start":{"line":8,"column":16},"end":{"line":8,"column":41}},"6":{"start":{"line":10,"column":15},"end":{"line":22,"column":9}},"7":{"start":{"line":11,"column":12},"end":{"line":15,"column":13}},"8":{"start":{"line":12,"column":16},"end":{"line":12,"column":47}},"9":{"start":{"line":14,"column":16},"end":{"line":14,"column":49}},"10":{"start":{"line":16,"column":15},"end":{"line":22,"column":9}},"11":{"start":{"line":17,"column":12},"end":{"line":17,"column":32}},"12":{"start":{"line":18,"column":15},"end":{"line":22,"column":9}},"13":{"start":{"line":19,"column":12},"end":{"line":19,"column":30}},"14":{"start":{"line":20,"column":15},"end":{"line":22,"column":9}},"15":{"start":{"line":21,"column":12},"end":{"line":21,"column":29}},"16":{"start":{"line":24,"column":8},"end":{"line":24,"column":24}},"17":{"start":{"line":28,"column":0},"end":{"line":28,"column":33}}},"branchMap":{"1":{"line":4,"type":"if","locations":[{"start":{"line":4,"column":8},"end":{"line":4,"column":8}},{"start":{"line":4,"column":8},"end":{"line":4,"column":8}}]},"2":{"line":4,"type":"binary-expr","locations":[{"start":{"line":4,"column":12},"end":{"line":4,"column":34}},{"start":{"line":4,"column":38},"end":{"line":4,"column":64}}]},"3":{"line":5,"type":"if","locations":[{"start":{"line":5,"column":12},"end":{"line":5,"column":12}},{"start":{"line":5,"column":12},"end":{"line":5,"column":12}}]},"4":{"line":5,"type":"binary-expr","locations":[{"start":{"line":5,"column":16},"end":{"line":5,"column":25}},{"start":{"line":5,"column":29},"end":{"line":5,"column":39}}]},"5":{"line":10,"type":"if","locations":[{"start":{"line":10,"column":15},"end":{"line":10,"column":15}},{"start":{"line":10,"column":15},"end":{"line":10,"column":15}}]},"6":{"line":10,"type":"binary-expr","locations":[{"start":{"line":10,"column":19},"end":{"line":10,"column":46}},{"start":{"line":10,"column":50},"end":{"line":10,"column":83}},{"start":{"line":10,"column":87},"end":{"line":10,"column":117}}]},"7":{"line":11,"type":"if","locations":[{"start":{"line":11,"column":12},"end":{"line":11,"column":12}},{"start":{"line":11,"column":12},"end":{"line":11,"column":12}}]},"8":{"line":11,"type":"binary-expr","locations":[{"start":{"line":11,"column":16},"end":{"line":11,"column":25}},{"start":{"line":11,"column":29},"end":{"line":11,"column":39}}]},"9":{"line":16,"type":"if","locations":[{"start":{"line":16,"column":15},"end":{"line":16,"column":15}},{"start":{"line":16,"column":15},"end":{"line":16,"column":15}}]},"10":{"line":16,"type":"binary-expr","locations":[{"start":{"line":16,"column":19},"end":{"line":16,"column":42}},{"start":{"line":16,"column":46},"end":{"line":16,"column":78}}]},"11":{"line":18,"type":"if","locations":[{"start":{"line":18,"column":15},"end":{"line":18,"column":15}},{"start":{"line":18,"column":15},"end":{"line":18,"column":15}}]},"12":{"line":18,"type":"binary-expr","locations":[{"start":{"line":18,"column":19},"end":{"line":18,"column":46}},{"start":{"line":18,"column":50},"end":{"line":18,"column":80}}]},"13":{"line":20,"type":"if","locations":[{"start":{"line":20,"column":15},"end":{"line":20,"column":15}},{"start":{"line":20,"column":15},"end":{"line":20,"column":15}}]},"14":{"line":20,"type":"binary-expr","locations":[{"start":{"line":20,"column":19},"end":{"line":20,"column":40}},{"start":{"line":20,"column":44},"end":{"line":20,"column":65}}]}}},"/Users/chatree/Desktop/SE/3man%20a%20ject/QueueJA.js":{"path":"/Users/chatree/Desktop/SE/3man%20a%20ject/QueueJA.js","s":{"1":7,"2":7,"3":7,"4":14,"5":14,"6":14,"7":4,"8":4,"9":4,"10":4,"11":1,"12":2,"13":1,"14":1,"15":3,"16":3,"17":0,"18":2,"19":1},"b":{},"f":{"1":7,"2":14,"3":4,"4":1,"5":2,"6":1,"7":1,"8":2},"fnMap":{"1":{"name":"(anonymous_1)","line":3,"loc":{"start":{"line":3,"column":15},"end":{"line":3,"column":21}}},"2":{"name":"(anonymous_2)","line":9,"loc":{"start":{"line":9,"column":11},"end":{"line":9,"column":15}}},"3":{"name":"(anonymous_3)","line":15,"loc":{"start":{"line":15,"column":11},"end":{"line":15,"column":14}}},"4":{"name":"(anonymous_4)","line":22,"loc":{"start":{"line":22,"column":12},"end":{"line":22,"column":15}}},"5":{"name":"(anonymous_5)","line":26,"loc":{"start":{"line":26,"column":11},"end":{"line":26,"column":14}}},"6":{"name":"(anonymous_6)","line":30,"loc":{"start":{"line":30,"column":10},"end":{"line":30,"column":13}}},"7":{"name":"(anonymous_7)","line":34,"loc":{"start":{"line":34,"column":9},"end":{"line":34,"column":12}}},"8":{"name":"(anonymous_8)","line":44,"loc":{"start":{"line":44,"column":11},"end":{"line":44,"column":14}}}},"statementMap":{"1":{"start":{"line":4,"column":8},"end":{"line":4,"column":36}},"2":{"start":{"line":5,"column":8},"end":{"line":5,"column":22}},"3":{"start":{"line":6,"column":8},"end":{"line":6,"column":23}},"4":{"start":{"line":10,"column":8},"end":{"line":10,"column":63}},"5":{"start":{"line":11,"column":8},"end":{"line":11,"column":28}},"6":{"start":{"line":12,"column":8},"end":{"line":12,"column":20}},"7":{"start":{"line":16,"column":8},"end":{"line":16,"column":41}},"8":{"start":{"line":17,"column":8},"end":{"line":17,"column":57}},"9":{"start":{"line":18,"column":8},"end":{"line":18,"column":20}},"10":{"start":{"line":19,"column":8},"end":{"line":19,"column":20}},"11":{"start":{"line":23,"column":8},"end":{"line":23,"column":37}},"12":{"start":{"line":27,"column":8},"end":{"line":27,"column":30}},"13":{"start":{"line":31,"column":8},"end":{"line":31,"column":45}},"14":{"start":{"line":35,"column":8},"end":{"line":41,"column":9}},"15":{"start":{"line":36,"column":12},"end":{"line":40,"column":13}},"16":{"start":{"line":37,"column":16},"end":{"line":37,"column":31}},"17":{"start":{"line":39,"column":16},"end":{"line":39,"column":35}},"18":{"start":{"line":45,"column":8},"end":{"line":45,"column":25}},"19":{"start":{"line":49,"column":0},"end":{"line":49,"column":25}}},"branchMap":{}}}