{"e:\\CP456 - SOFTWARE ENGINEER\\3man%20a%20ject\\Compass.js":{"path":"e:\\CP456 - SOFTWARE ENGINEER\\3man%20a%20ject\\Compass.js","s":{"1":3,"2":1,"3":2,"4":0,"5":2,"6":0,"7":2,"8":0,"9":2,"10":1,"11":1,"12":0,"13":1,"14":0,"15":1,"16":0,"17":1,"18":1,"19":0,"20":0,"21":0,"22":0,"23":0,"24":0,"25":0,"26":0,"27":0,"28":0,"29":0,"30":0,"31":0,"32":1},"b":{"1":[1,2],"2":[3,2],"3":[0,2],"4":[2,2],"5":[0,2],"6":[0,2],"7":[2,2],"8":[1,1],"9":[0,1],"10":[1,1],"11":[0,1],"12":[0,1],"13":[1,1],"14":[1,0],"15":[0,0],"16":[0,0],"17":[0,0],"18":[0,0],"19":[0,0],"20":[0,0],"21":[0,0],"22":[0,0],"23":[0,0]},"f":{"1":0,"2":3},"fnMap":{"1":{"name":"(anonymous_1)","line":2,"loc":{"start":{"line":2,"column":14},"end":{"line":2,"column":17}}},"2":{"name":"(anonymous_2)","line":6,"loc":{"start":{"line":6,"column":16},"end":{"line":6,"column":25}}}},"statementMap":{"1":{"start":{"line":7,"column":8},"end":{"line":39,"column":9}},"2":{"start":{"line":8,"column":12},"end":{"line":8,"column":23}},"3":{"start":{"line":9,"column":15},"end":{"line":39,"column":9}},"4":{"start":{"line":10,"column":12},"end":{"line":10,"column":25}},"5":{"start":{"line":11,"column":15},"end":{"line":39,"column":9}},"6":{"start":{"line":12,"column":12},"end":{"line":12,"column":24}},"7":{"start":{"line":13,"column":15},"end":{"line":39,"column":9}},"8":{"start":{"line":14,"column":12},"end":{"line":14,"column":25}},"9":{"start":{"line":15,"column":15},"end":{"line":39,"column":9}},"10":{"start":{"line":16,"column":12},"end":{"line":16,"column":23}},"11":{"start":{"line":17,"column":15},"end":{"line":39,"column":9}},"12":{"start":{"line":18,"column":12},"end":{"line":18,"column":25}},"13":{"start":{"line":19,"column":15},"end":{"line":39,"column":9}},"14":{"start":{"line":20,"column":12},"end":{"line":20,"column":24}},"15":{"start":{"line":21,"column":15},"end":{"line":39,"column":9}},"16":{"start":{"line":22,"column":12},"end":{"line":22,"column":24}},"17":{"start":{"line":23,"column":15},"end":{"line":39,"column":9}},"18":{"start":{"line":24,"column":12},"end":{"line":24,"column":23}},"19":{"start":{"line":25,"column":15},"end":{"line":39,"column":9}},"20":{"start":{"line":26,"column":12},"end":{"line":26,"column":25}},"21":{"start":{"line":27,"column":15},"end":{"line":39,"column":9}},"22":{"start":{"line":28,"column":12},"end":{"line":28,"column":24}},"23":{"start":{"line":29,"column":15},"end":{"line":39,"column":9}},"24":{"start":{"line":30,"column":12},"end":{"line":30,"column":25}},"25":{"start":{"line":31,"column":15},"end":{"line":39,"column":9}},"26":{"start":{"line":32,"column":12},"end":{"line":32,"column":23}},"27":{"start":{"line":33,"column":15},"end":{"line":39,"column":9}},"28":{"start":{"line":34,"column":12},"end":{"line":34,"column":25}},"29":{"start":{"line":35,"column":15},"end":{"line":39,"column":9}},"30":{"start":{"line":36,"column":12},"end":{"line":36,"column":24}},"31":{"start":{"line":38,"column":12},"end":{"line":38,"column":25}},"32":{"start":{"line":43,"column":0},"end":{"line":43,"column":25}}},"branchMap":{"1":{"line":7,"type":"if","locations":[{"start":{"line":7,"column":8},"end":{"line":7,"column":8}},{"start":{"line":7,"column":8},"end":{"line":7,"column":8}}]},"2":{"line":7,"type":"binary-expr","locations":[{"start":{"line":7,"column":12},"end":{"line":7,"column":23}},{"start":{"line":7,"column":27},"end":{"line":7,"column":40}}]},"3":{"line":9,"type":"if","locations":[{"start":{"line":9,"column":15},"end":{"line":9,"column":15}},{"start":{"line":9,"column":15},"end":{"line":9,"column":15}}]},"4":{"line":9,"type":"binary-expr","locations":[{"start":{"line":9,"column":19},"end":{"line":9,"column":29}},{"start":{"line":9,"column":33},"end":{"line":9,"column":44}}]},"5":{"line":11,"type":"if","locations":[{"start":{"line":11,"column":15},"end":{"line":11,"column":15}},{"start":{"line":11,"column":15},"end":{"line":11,"column":15}}]},"6":{"line":13,"type":"if","locations":[{"start":{"line":13,"column":15},"end":{"line":13,"column":15}},{"start":{"line":13,"column":15},"end":{"line":13,"column":15}}]},"7":{"line":13,"type":"binary-expr","locations":[{"start":{"line":13,"column":19},"end":{"line":13,"column":30}},{"start":{"line":13,"column":34},"end":{"line":13,"column":45}}]},"8":{"line":15,"type":"if","locations":[{"start":{"line":15,"column":15},"end":{"line":15,"column":15}},{"start":{"line":15,"column":15},"end":{"line":15,"column":15}}]},"9":{"line":17,"type":"if","locations":[{"start":{"line":17,"column":15},"end":{"line":17,"column":15}},{"start":{"line":17,"column":15},"end":{"line":17,"column":15}}]},"10":{"line":17,"type":"binary-expr","locations":[{"start":{"line":17,"column":19},"end":{"line":17,"column":30}},{"start":{"line":17,"column":34},"end":{"line":17,"column":46}}]},"11":{"line":19,"type":"if","locations":[{"start":{"line":19,"column":15},"end":{"line":19,"column":15}},{"start":{"line":19,"column":15},"end":{"line":19,"column":15}}]},"12":{"line":21,"type":"if","locations":[{"start":{"line":21,"column":15},"end":{"line":21,"column":15}},{"start":{"line":21,"column":15},"end":{"line":21,"column":15}}]},"13":{"line":21,"type":"binary-expr","locations":[{"start":{"line":21,"column":19},"end":{"line":21,"column":31}},{"start":{"line":21,"column":35},"end":{"line":21,"column":47}}]},"14":{"line":23,"type":"if","locations":[{"start":{"line":23,"column":15},"end":{"line":23,"column":15}},{"start":{"line":23,"column":15},"end":{"line":23,"column":15}}]},"15":{"line":25,"type":"if","locations":[{"start":{"line":25,"column":15},"end":{"line":25,"column":15}},{"start":{"line":25,"column":15},"end":{"line":25,"column":15}}]},"16":{"line":25,"type":"binary-expr","locations":[{"start":{"line":25,"column":19},"end":{"line":25,"column":31}},{"start":{"line":25,"column":35},"end":{"line":25,"column":47}}]},"17":{"line":27,"type":"if","locations":[{"start":{"line":27,"column":15},"end":{"line":27,"column":15}},{"start":{"line":27,"column":15},"end":{"line":27,"column":15}}]},"18":{"line":29,"type":"if","locations":[{"start":{"line":29,"column":15},"end":{"line":29,"column":15}},{"start":{"line":29,"column":15},"end":{"line":29,"column":15}}]},"19":{"line":29,"type":"binary-expr","locations":[{"start":{"line":29,"column":19},"end":{"line":29,"column":31}},{"start":{"line":29,"column":35},"end":{"line":29,"column":47}}]},"20":{"line":31,"type":"if","locations":[{"start":{"line":31,"column":15},"end":{"line":31,"column":15}},{"start":{"line":31,"column":15},"end":{"line":31,"column":15}}]},"21":{"line":33,"type":"if","locations":[{"start":{"line":33,"column":15},"end":{"line":33,"column":15}},{"start":{"line":33,"column":15},"end":{"line":33,"column":15}}]},"22":{"line":33,"type":"binary-expr","locations":[{"start":{"line":33,"column":19},"end":{"line":33,"column":31}},{"start":{"line":33,"column":35},"end":{"line":33,"column":47}}]},"23":{"line":35,"type":"if","locations":[{"start":{"line":35,"column":15},"end":{"line":35,"column":15}},{"start":{"line":35,"column":15},"end":{"line":35,"column":15}}]}}}}