TN:
SF:E:\CP456 - SOFTWARE ENGINEER\3man%20a%20ject\Compass.js
FN:8,(anonymous_1)
FNF:1
FNH:1
FNDA:16,(anonymous_1)
DA:9,16
DA:10,1
DA:11,15
DA:12,1
DA:13,14
DA:14,1
DA:15,13
DA:16,1
DA:17,12
DA:18,1
DA:19,11
DA:20,1
DA:21,10
DA:22,1
DA:23,9
DA:24,1
DA:25,8
DA:26,1
DA:27,7
DA:28,1
DA:29,6
DA:30,1
DA:31,5
DA:32,1
DA:33,4
DA:34,1
DA:35,3
DA:36,1
DA:37,2
DA:38,1
DA:40,1
DA:45,1
LF:32
LH:32
BRDA:9,1,0,1
BRDA:9,1,1,15
BRDA:9,2,0,16
BRDA:9,2,1,15
BRDA:11,3,0,1
BRDA:11,3,1,14
BRDA:11,4,0,15
BRDA:11,4,1,15
BRDA:13,5,0,1
BRDA:13,5,1,13
BRDA:15,6,0,1
BRDA:15,6,1,12
BRDA:15,7,0,13
BRDA:15,7,1,13
BRDA:17,8,0,1
BRDA:17,8,1,11
BRDA:19,9,0,1
BRDA:19,9,1,10
BRDA:19,10,0,11
BRDA:19,10,1,11
BRDA:21,11,0,1
BRDA:21,11,1,9
BRDA:23,12,0,1
BRDA:23,12,1,8
BRDA:23,13,0,9
BRDA:23,13,1,9
BRDA:25,14,0,1
BRDA:25,14,1,7
BRDA:27,15,0,1
BRDA:27,15,1,6
BRDA:27,16,0,7
BRDA:27,16,1,7
BRDA:29,17,0,1
BRDA:29,17,1,5
BRDA:31,18,0,1
BRDA:31,18,1,4
BRDA:31,19,0,5
BRDA:31,19,1,5
BRDA:33,20,0,1
BRDA:33,20,1,3
BRDA:35,21,0,1
BRDA:35,21,1,2
BRDA:35,22,0,3
BRDA:35,22,1,3
BRDA:37,23,0,1
BRDA:37,23,1,1
BRF:46
BRH:46
end_of_record
TN:
SF:E:\CP456 - SOFTWARE ENGINEER\3man%20a%20ject\DescriptionIcon.js
FN:2,(anonymous_1)
FNF:1
FNH:1
FNDA:16,(anonymous_1)
DA:3,16
DA:4,16
DA:5,4
DA:6,2
DA:8,2
DA:10,12
DA:11,6
DA:12,3
DA:14,3
DA:16,6
DA:17,2
DA:18,4
DA:19,2
DA:20,2
DA:21,2
DA:24,16
DA:28,1
LF:17
LH:17
BRDA:4,1,0,4
BRDA:4,1,1,12
BRDA:4,2,0,16
BRDA:4,2,1,14
BRDA:5,3,0,2
BRDA:5,3,1,2
BRDA:5,4,0,4
BRDA:5,4,1,4
BRDA:10,5,0,6
BRDA:10,5,1,6
BRDA:10,6,0,12
BRDA:10,6,1,10
BRDA:10,6,2,8
BRDA:11,7,0,3
BRDA:11,7,1,3
BRDA:11,8,0,6
BRDA:11,8,1,6
BRDA:16,9,0,2
BRDA:16,9,1,4
BRDA:16,10,0,6
BRDA:16,10,1,5
BRDA:18,11,0,2
BRDA:18,11,1,2
BRDA:18,12,0,4
BRDA:18,12,1,3
BRDA:20,13,0,2
BRDA:20,13,1,0
BRDA:20,14,0,2
BRDA:20,14,1,1
BRF:29
BRH:28
end_of_record
TN:
SF:E:\CP456 - SOFTWARE ENGINEER\3man%20a%20ject\QueueJA.js
FN:6,(anonymous_1)
FN:17,(anonymous_2)
FN:31,(anonymous_3)
FN:46,(anonymous_4)
FN:57,(anonymous_5)
FN:64,(anonymous_6)
FN:71,(anonymous_7)
FN:84,(anonymous_8)
FNF:8
FNH:8
FNDA:10,(anonymous_1)
FNDA:16,(anonymous_2)
FNDA:5,(anonymous_3)
FNDA:2,(anonymous_4)
FNDA:9,(anonymous_5)
FNDA:17,(anonymous_6)
FNDA:1,(anonymous_7)
FNDA:2,(anonymous_8)
DA:7,10
DA:8,10
DA:9,10
DA:18,16
DA:19,15
DA:20,15
DA:21,15
DA:23,1
DA:32,5
DA:33,4
DA:34,4
DA:35,4
DA:36,4
DA:38,1
DA:47,2
DA:48,1
DA:50,1
DA:58,9
DA:65,17
DA:72,1
DA:73,3
DA:74,3
DA:76,0
DA:85,2
DA:89,1
LF:25
LH:24
BRDA:18,1,0,15
BRDA:18,1,1,1
BRDA:32,2,0,4
BRDA:32,2,1,1
BRDA:47,3,0,1
BRDA:47,3,1,1
BRF:6
BRH:6
end_of_record
