TN:
SF:E:\SE\3man%20a%20ject\Compass.js
FN:7,(anonymous_1)
FNF:1
FNH:1
FNDA:4,(anonymous_1)
DA:8,4
DA:9,1
DA:10,3
DA:11,0
DA:12,3
DA:13,0
DA:14,3
DA:15,0
DA:16,3
DA:17,1
DA:18,2
DA:19,0
DA:20,2
DA:21,0
DA:22,2
DA:23,0
DA:24,2
DA:25,1
DA:26,1
DA:27,0
DA:28,1
DA:29,0
DA:30,1
DA:31,0
DA:32,1
DA:33,1
DA:34,0
DA:35,0
DA:36,0
DA:37,0
DA:39,0
DA:44,1
LF:32
LH:18
BRDA:8,1,0,1
BRDA:8,1,1,3
BRDA:8,2,0,4
BRDA:8,2,1,3
BRDA:10,3,0,0
BRDA:10,3,1,3
BRDA:10,4,0,3
BRDA:10,4,1,3
BRDA:12,5,0,0
BRDA:12,5,1,3
BRDA:14,6,0,0
BRDA:14,6,1,3
BRDA:14,7,0,3
BRDA:14,7,1,3
BRDA:16,8,0,1
BRDA:16,8,1,2
BRDA:18,9,0,0
BRDA:18,9,1,2
BRDA:18,10,0,2
BRDA:18,10,1,2
BRDA:20,11,0,0
BRDA:20,11,1,2
BRDA:22,12,0,0
BRDA:22,12,1,2
BRDA:22,13,0,2
BRDA:22,13,1,2
BRDA:24,14,0,1
BRDA:24,14,1,1
BRDA:26,15,0,0
BRDA:26,15,1,1
BRDA:26,16,0,1
BRDA:26,16,1,1
BRDA:28,17,0,0
BRDA:28,17,1,1
BRDA:30,18,0,0
BRDA:30,18,1,1
BRDA:30,19,0,1
BRDA:30,19,1,1
BRDA:32,20,0,1
BRDA:32,20,1,0
BRDA:34,21,0,0
BRDA:34,21,1,0
BRDA:34,22,0,0
BRDA:34,22,1,0
BRDA:36,23,0,0
BRDA:36,23,1,0
BRF:46
BRH:30
end_of_record
TN:
SF:E:\SE\3man%20a%20ject\DescriptionIcon.js
FN:2,(anonymous_1)
FNF:1
FNH:1
FNDA:2,(anonymous_1)
DA:3,2
DA:4,2
DA:5,2
DA:6,1
DA:8,1
DA:10,0
DA:11,0
DA:12,0
DA:14,0
DA:16,0
DA:17,0
DA:19,0
DA:20,0
DA:23,2
DA:27,1
LF:15
LH:7
BRDA:4,1,0,2
BRDA:4,1,1,0
BRDA:4,2,0,2
BRDA:4,2,1,0
BRDA:5,3,0,1
BRDA:5,3,1,1
BRDA:5,4,0,2
BRDA:5,4,1,2
BRDA:10,5,0,0
BRDA:10,5,1,0
BRDA:10,6,0,0
BRDA:10,6,1,0
BRDA:10,6,2,0
BRDA:11,7,0,0
BRDA:11,7,1,0
BRDA:11,8,0,0
BRDA:11,8,1,0
BRDA:16,9,0,0
BRDA:16,9,1,0
BRDA:16,10,0,0
BRDA:16,10,1,0
BRDA:19,11,0,0
BRDA:19,11,1,0
BRDA:19,12,0,0
BRDA:19,12,1,0
BRF:25
BRH:6
end_of_record
TN:
SF:E:\SE\3man%20a%20ject\QueueJA.js
FN:3,(anonymous_1)
FN:9,(anonymous_2)
FN:15,(anonymous_3)
FN:22,(anonymous_4)
FN:26,(anonymous_5)
FN:30,(anonymous_6)
FN:34,(anonymous_7)
FN:44,(anonymous_8)
FNF:8
FNH:6
FNDA:7,(anonymous_1)
FNDA:14,(anonymous_2)
FNDA:4,(anonymous_3)
FNDA:0,(anonymous_4)
FNDA:2,(anonymous_5)
FNDA:1,(anonymous_6)
FNDA:1,(anonymous_7)
FNDA:0,(anonymous_8)
DA:4,7
DA:5,7
DA:6,7
DA:10,14
DA:11,14
DA:12,14
DA:16,4
DA:17,4
DA:18,4
DA:19,4
DA:23,0
DA:27,2
DA:31,1
DA:35,1
DA:36,3
DA:37,3
DA:39,0
DA:45,0
DA:49,1
LF:19
LH:16
BRF:0
BRH:0
end_of_record
